Removed Pin From Net: NetName=GND Pin=CT1-0
Removed Pin From Net: NetName=GND Pin=CT1-0
Removed Pin From Net: NetName=NetC32_2 Pin=EINK1-1
Removed Pin From Net: NetName=PREVGL Pin=EINK1-2
Removed Pin From Net: NetName=NetC30_2 Pin=EINK1-3
Removed Pin From Net: NetName=PREVGH Pin=EINK1-4
Removed Pin From Net: NetName=NetC28_2 Pin=EINK1-5
Removed Pin From Net: NetName=NetC27_2 Pin=EINK1-6
Removed Pin From Net: NetName=NetC26_2 Pin=EINK1-7
Removed Pin From Net: NetName=GND Pin=EINK1-8
Removed Pin From Net: NetName=VCC_3V3 Pin=EINK1-9
Removed Pin From Net: NetName=VCC_3V3 Pin=EINK1-10
Removed Pin From Net: NetName=GPIO23 Pin=EINK1-11
Removed Pin From Net: NetName=GPIO18 Pin=EINK1-12
Removed Pin From Net: NetName=EINK_CS Pin=EINK1-13
Removed Pin From Net: NetName=GPIO2 Pin=EINK1-14
Removed Pin From Net: NetName=CPT_RST Pin=EINK1-15
Removed Pin From Net: NetName=BUSY Pin=EINK1-16
Removed Pin From Net: NetName=BS Pin=EINK1-17
Removed Pin From Net: NetName=NetC22_2 Pin=EINK1-20
Removed Pin From Net: NetName=NetC21_2 Pin=EINK1-21
Removed Pin From Net: NetName=RESE Pin=EINK1-22
Removed Pin From Net: NetName=GDR Pin=EINK1-23
Removed Pin From Net: NetName=GND Pin=LC1-0
Removed Pin From Net: NetName=GND Pin=LC1-0
Removed Pin From Net: NetName=GND Pin=P2-2
Removed Pin From Net: NetName=GND Pin=P2-3
Added Pin To Net: NetName=GDR Pin=EINK1-2
Added Pin To Net: NetName=RESE Pin=EINK1-3
Added Pin To Net: NetName=NetC21_2 Pin=EINK1-4
Added Pin To Net: NetName=NetC22_2 Pin=EINK1-5
Added Pin To Net: NetName=BS Pin=EINK1-8
Added Pin To Net: NetName=BUSY Pin=EINK1-9
Added Pin To Net: NetName=CPT_RST Pin=EINK1-10
Added Pin To Net: NetName=GPIO2 Pin=EINK1-11
Added Pin To Net: NetName=EINK_CS Pin=EINK1-12
Added Pin To Net: NetName=GPIO18 Pin=EINK1-13
Added Pin To Net: NetName=GPIO23 Pin=EINK1-14
Added Pin To Net: NetName=VCC_3V3 Pin=EINK1-15
Added Pin To Net: NetName=VCC_3V3 Pin=EINK1-16
Added Pin To Net: NetName=GND Pin=EINK1-17
Added Pin To Net: NetName=NetC26_2 Pin=EINK1-18
Added Pin To Net: NetName=NetC27_2 Pin=EINK1-19
Added Pin To Net: NetName=NetC28_2 Pin=EINK1-20
Added Pin To Net: NetName=PREVGH Pin=EINK1-21
Added Pin To Net: NetName=NetC30_2 Pin=EINK1-22
Added Pin To Net: NetName=PREVGL Pin=EINK1-23
Added Pin To Net: NetName=NetC32_2 Pin=EINK1-24
