Removed Pin From Net: NetName=USB-PWR-D_P Pin=TP10-1
Removed Pin From Net: NetName=USB-PWR-D_N Pin=TP11-1
Removed Pin From Net: NetName=GPIO23 Pin=TP13-1
Removed Pin From Net: NetName=GPIO18 Pin=TP14-1
Removed Pin From Net: NetName=CPT_SDA Pin=TP16-1
Removed Pin From Net: NetName=CPT_SCL Pin=TP17-1
Removed Pin From Net: NetName=BS Pin=TP19-1
Removed Pin From Net: NetName=BUSY Pin=TP20-1
Removed Pin From Net: NetName=GPIO2 Pin=TP21-1
Removed Pin From Net: NetName=GPIO18 Pin=TP22-1
Removed Pin From Net: NetName=GPIO23 Pin=TP24-1
Removed Pin From Net: NetName=GPS_TX Pin=TP25-1
Removed Pin From Net: NetName=GPIO19 Pin=TP26-1
Removed Member From Class: ClassName=Main Member=TP10
Removed Member From Class: ClassName=Main Member=TP11
Removed Member From Class: ClassName=Main Member=TP13
Removed Member From Class: ClassName=Main Member=TP14
Removed Member From Class: ClassName=Main Member=TP16
Removed Member From Class: ClassName=Main Member=TP17
Removed Member From Class: ClassName=Main Member=TP19
Removed Member From Class: ClassName=Main Member=TP20
Removed Member From Class: ClassName=Main Member=TP21
Removed Member From Class: ClassName=Main Member=TP22
Removed Member From Class: ClassName=Main Member=TP24
Removed Member From Class: ClassName=Main Member=TP25
Removed Member From Class: ClassName=Main Member=TP26
