Added Component: Designator=A1(ANT-Rainsun-AN5120)
Add component. Clean all parameters for all variants
Added Component: Designator=AT1(PCBComponent_1)
Add component. Clean all parameters for all variants
Added Component: Designator=C1(CAP_0402)
Add component. Clean all parameters for all variants
Add component (AddParameter): Name = "Value"; Value = "0.1u"; VariantName = "[No Variations]"
Added Component: Designator=C2(CAP_0402)
Add component. Clean all parameters for all variants
Add component (AddParameter): Name = "Value"; Value = "0.1u"; VariantName = "[No Variations]"
Added Component: Designator=C3(CAP_0402)
Add component. Clean all parameters for all variants
Add component (AddParameter): Name = "Value"; Value = "0.1u"; VariantName = "[No Variations]"
Added Component: Designator=C4(CAP_0402)
Add component. Clean all parameters for all variants
Add component (AddParameter): Name = "Value"; Value = "0.1u"; VariantName = "[No Variations]"
Added Component: Designator=C5(CAP_0402)
Add component. Clean all parameters for all variants
Add component (AddParameter): Name = "Value"; Value = "0.1u"; VariantName = "[No Variations]"
Added Component: Designator=C6(CAP_0402)
Add component. Clean all parameters for all variants
Add component (AddParameter): Name = "Value"; Value = "0.1u"; VariantName = "[No Variations]"
Added Component: Designator=C7(CAP_0402)
Add component. Clean all parameters for all variants
Add component (AddParameter): Name = "Value"; Value = "0.1u"; VariantName = "[No Variations]"
Added Component: Designator=C8(CAP_0402)
Add component. Clean all parameters for all variants
Add component (AddParameter): Name = "Value"; Value = "0.1u"; VariantName = "[No Variations]"
Added Component: Designator=C9(CAP_0402)
Add component. Clean all parameters for all variants
Add component (AddParameter): Name = "Value"; Value = "0.1u"; VariantName = "[No Variations]"
Added Component: Designator=C10(CAP_0402)
Add component. Clean all parameters for all variants
Add component (AddParameter): Name = "Value"; Value = "0.1u"; VariantName = "[No Variations]"
Added Component: Designator=C11(CAP_0402)
Add component. Clean all parameters for all variants
Add component (AddParameter): Name = "Value"; Value = "0.1u"; VariantName = "[No Variations]"
Added Component: Designator=C12(CAP_0402)
Add component. Clean all parameters for all variants
Add component (AddParameter): Name = "Value"; Value = "0.1u"; VariantName = "[No Variations]"
Added Component: Designator=C13(CAP_0402)
Add component. Clean all parameters for all variants
Add component (AddParameter): Name = "Value"; Value = "0.1u"; VariantName = "[No Variations]"
Added Component: Designator=C14(CAP_0402)
Add component. Clean all parameters for all variants
Add component (AddParameter): Name = "Value"; Value = "0.1u"; VariantName = "[No Variations]"
Added Component: Designator=C15(CAP_0402)
Add component. Clean all parameters for all variants
Add component (AddParameter): Name = "Value"; Value = "0.1u"; VariantName = "[No Variations]"
Added Component: Designator=C16(CAP_0402)
Add component. Clean all parameters for all variants
Add component (AddParameter): Name = "Value"; Value = "0.1u"; VariantName = "[No Variations]"
Added Component: Designator=D1(SOD-323)
Add component. Clean all parameters for all variants
Added Component: Designator=D2(SOD-323)
Add component. Clean all parameters for all variants
Added Component: Designator=D3(SOD-323)
Add component. Clean all parameters for all variants
Added Component: Designator=D4(LED_0402_RED)
Add component. Clean all parameters for all variants
Add component (AddParameter): Name = "Type"; Value = "0402"; VariantName = "[No Variations]"
Add component (AddParameter): Name = "Value"; Value = "color?"; VariantName = "[No Variations]"
Added Component: Designator=D5(LED_0402_RED)
Add component. Clean all parameters for all variants
Add component (AddParameter): Name = "Type"; Value = "0402"; VariantName = "[No Variations]"
Add component (AddParameter): Name = "Value"; Value = "color?"; VariantName = "[No Variations]"
Added Component: Designator=LC1(FPC0.5-WT-10P)
Add component. Clean all parameters for all variants
Added Component: Designator=Q1(SOT23-3)
Add component. Clean all parameters for all variants
Added Component: Designator=Q2(SOT23-3)
Add component. Clean all parameters for all variants
Added Component: Designator=Q3(SOT563-6)
Add component. Clean all parameters for all variants
Added Component: Designator=Q4(SOT23-3)
Add component. Clean all parameters for all variants
Added Component: Designator=Q5(SOT23-3)
Add component. Clean all parameters for all variants
Added Component: Designator=R1(RES_0402)
Add component. Clean all parameters for all variants
Add component (AddParameter): Name = "Value"; Value = "22R"; VariantName = "[No Variations]"
Added Component: Designator=R2(RES_0402)
Add component. Clean all parameters for all variants
Add component (AddParameter): Name = "Value"; Value = "22R"; VariantName = "[No Variations]"
Added Component: Designator=R3(RES_0402)
Add component. Clean all parameters for all variants
Add component (AddParameter): Name = "Value"; Value = "22R"; VariantName = "[No Variations]"
Added Component: Designator=R4(RES_0402)
Add component. Clean all parameters for all variants
Add component (AddParameter): Name = "Value"; Value = "22R"; VariantName = "[No Variations]"
Added Component: Designator=R5(RES_0402)
Add component. Clean all parameters for all variants
Add component (AddParameter): Name = "Value"; Value = "22R"; VariantName = "[No Variations]"
Added Component: Designator=R6(RES_0402)
Add component. Clean all parameters for all variants
Add component (AddParameter): Name = "Value"; Value = "22R"; VariantName = "[No Variations]"
Added Component: Designator=R7(RES_0402)
Add component. Clean all parameters for all variants
Add component (AddParameter): Name = "Value"; Value = "22R"; VariantName = "[No Variations]"
Added Component: Designator=R8(RES_0402)
Add component. Clean all parameters for all variants
Add component (AddParameter): Name = "Value"; Value = "22R"; VariantName = "[No Variations]"
Added Component: Designator=R9(RES_0402)
Add component. Clean all parameters for all variants
Add component (AddParameter): Name = "Value"; Value = "22R"; VariantName = "[No Variations]"
Added Component: Designator=R10(RES_0402)
Add component. Clean all parameters for all variants
Add component (AddParameter): Name = "Value"; Value = "22R"; VariantName = "[No Variations]"
Added Component: Designator=R11(RES_0402)
Add component. Clean all parameters for all variants
Add component (AddParameter): Name = "Value"; Value = "22R"; VariantName = "[No Variations]"
Added Component: Designator=R12(RES_0402)
Add component. Clean all parameters for all variants
Add component (AddParameter): Name = "Value"; Value = "22R"; VariantName = "[No Variations]"
Added Component: Designator=R13(RES_0402)
Add component. Clean all parameters for all variants
Add component (AddParameter): Name = "Value"; Value = "22R"; VariantName = "[No Variations]"
Added Component: Designator=R14(RES_0402)
Add component. Clean all parameters for all variants
Add component (AddParameter): Name = "Value"; Value = "22R"; VariantName = "[No Variations]"
Added Component: Designator=R15(RES_0402)
Add component. Clean all parameters for all variants
Add component (AddParameter): Name = "Value"; Value = "22R"; VariantName = "[No Variations]"
Added Component: Designator=R16(RES_0402)
Add component. Clean all parameters for all variants
Add component (AddParameter): Name = "Value"; Value = "22R"; VariantName = "[No Variations]"
Added Component: Designator=R17(RES_0402)
Add component. Clean all parameters for all variants
Add component (AddParameter): Name = "Value"; Value = "22R"; VariantName = "[No Variations]"
Added Component: Designator=R18(RES_0402)
Add component. Clean all parameters for all variants
Add component (AddParameter): Name = "Value"; Value = "22R"; VariantName = "[No Variations]"
Added Component: Designator=R19(RES_0402)
Add component. Clean all parameters for all variants
Add component (AddParameter): Name = "Value"; Value = "22R"; VariantName = "[No Variations]"
Added Component: Designator=R20(RES_0402)
Add component. Clean all parameters for all variants
Add component (AddParameter): Name = "Value"; Value = "22R"; VariantName = "[No Variations]"
Added Component: Designator=R21(RES_0402)
Add component. Clean all parameters for all variants
Add component (AddParameter): Name = "Value"; Value = "22R"; VariantName = "[No Variations]"
Added Component: Designator=R22(RES_0402)
Add component. Clean all parameters for all variants
Add component (AddParameter): Name = "Value"; Value = "22R"; VariantName = "[No Variations]"
Added Component: Designator=R23(RES_0402)
Add component. Clean all parameters for all variants
Add component (AddParameter): Name = "Value"; Value = "22R"; VariantName = "[No Variations]"
Added Component: Designator=R24(RES_0402)
Add component. Clean all parameters for all variants
Add component (AddParameter): Name = "Value"; Value = "22R"; VariantName = "[No Variations]"
Added Component: Designator=R25(RES_0402)
Add component. Clean all parameters for all variants
Add component (AddParameter): Name = "Value"; Value = "22R"; VariantName = "[No Variations]"
Added Component: Designator=R26(RES_0402)
Add component. Clean all parameters for all variants
Add component (AddParameter): Name = "Value"; Value = "22R"; VariantName = "[No Variations]"
Added Component: Designator=R27(RES_0402)
Add component. Clean all parameters for all variants
Add component (AddParameter): Name = "Value"; Value = "22R"; VariantName = "[No Variations]"
Added Component: Designator=SW1(SIQ-02FVS3)
Add component. Clean all parameters for all variants
Add component (AddParameter): Name = "BOM_JLCPCB Part Class"; Value = "Extended Part"; VariantName = "[No Variations]"
Add component (AddParameter): Name = "BOM_Manufacturer"; Value = "ALPSALPINE"; VariantName = "[No Variations]"
Add component (AddParameter): Name = "BOM_Manufacturer Part"; Value = "EC11E1534443"; VariantName = "[No Variations]"
Add component (AddParameter): Name = "BOM_Supplier"; Value = "LCSC"; VariantName = "[No Variations]"
Add component (AddParameter): Name = "BOM_Supplier Part"; Value = "C1322543"; VariantName = "[No Variations]"
Add component (AddParameter): Name = "Contributor"; Value = "LCSC"; VariantName = "[No Variations]"
Add component (AddParameter): Name = "spicePre"; Value = "S"; VariantName = "[No Variations]"
Add component (AddParameter): Name = "spiceSymbolName"; Value = "EC11E1534443"; VariantName = "[No Variations]"
Added Component: Designator=TF1(TF-SOCKET)
Add component. Clean all parameters for all variants
Added Component: Designator=U1(SOT23-5)
Add component. Clean all parameters for all variants
Added Component: Designator=U2(QFN-28)
Add component. Clean all parameters for all variants
Add component (AddParameter): Name = "MFG #1"; Value = "SILICON LABS"; VariantName = "[No Variations]"
Add component (AddParameter): Name = "PART DESC"; Value = "SINGLE-CHIP USB TO UART BRIDGE, QFN28, RoHS."; VariantName = "[No Variations]"
Add component (AddParameter): Name = "PART NUMBER"; Value = "CP2102"; VariantName = "[No Variations]"
Add component (AddParameter): Name = "RefDes"; Value = "RefDes"; VariantName = "[No Variations]"
Add component (AddParameter): Name = "Type"; Value = "DEV"; VariantName = "[No Variations]"
Add component (AddParameter): Name = "Value"; Value = "Value"; VariantName = "[No Variations]"
Added Component: Designator=U3(SOT23-5)
Add component. Clean all parameters for all variants
Added Component: Designator=U4(QFN-48_7X7)
Add component. Clean all parameters for all variants
Added Component: Designator=U5(QFN-24)
Add component. Clean all parameters for all variants
Added Component: Designator=U6(DET402)
Add component. Clean all parameters for all variants
Added Component: Designator=USB1(Type-C-TOP)
Add component. Clean all parameters for all variants
Added Pin To Net: NetName=NetA1_1 Pin=A1-1
Added Pin To Net: NetName=VCC_3V3 Pin=AT1-1
Added Pin To Net: NetName=GND Pin=AT1-2
Added Pin To Net: NetName=GPS_TX Pin=AT1-3
Added Pin To Net: NetName=GPIO19 Pin=AT1-4
Added Pin To Net: NetName=GND Pin=C1-1
Added Pin To Net: NetName=VCC_3V3 Pin=C1-2
Added Pin To Net: NetName=GND Pin=C2-1
Added Pin To Net: NetName=VCC_3V3 Pin=C2-2
Added Pin To Net: NetName=GND Pin=C3-1
Added Pin To Net: NetName=NetC3_2 Pin=C3-2
Added Pin To Net: NetName=GND Pin=C4-1
Added Pin To Net: NetName=BAT_DET Pin=C4-2
Added Pin To Net: NetName=GND Pin=C5-1
Added Pin To Net: NetName=3V3A Pin=C5-2
Added Pin To Net: NetName=GND Pin=C6-1
Added Pin To Net: NetName=3V3A Pin=C6-2
Added Pin To Net: NetName=GND Pin=C7-1
Added Pin To Net: NetName=VBAT_IN Pin=C7-2
Added Pin To Net: NetName=GND Pin=C8-1
Added Pin To Net: NetName=VBAT_IN Pin=C8-2
Added Pin To Net: NetName=GND Pin=C9-1
Added Pin To Net: NetName=VUSB Pin=C9-2
Added Pin To Net: NetName=ESP_EN Pin=C10-1
Added Pin To Net: NetName=GND Pin=C10-2
Added Pin To Net: NetName=GND Pin=C11-1
Added Pin To Net: NetName=VCC_3V3 Pin=C11-2
Added Pin To Net: NetName=VCC_3V3 Pin=C12-1
Added Pin To Net: NetName=GND Pin=C12-2
Added Pin To Net: NetName=GND Pin=C13-1
Added Pin To Net: NetName=VCC_3V3 Pin=C13-2
Added Pin To Net: NetName=NetC14_1 Pin=C14-1
Added Pin To Net: NetName=GND Pin=C14-2
Added Pin To Net: NetName=GND Pin=C15-1
Added Pin To Net: NetName=NetC15_2 Pin=C15-2
Added Pin To Net: NetName=GND Pin=C16-1
Added Pin To Net: NetName=VCC_3V3 Pin=C16-2
Added Pin To Net: NetName=NetD1_1 Pin=D1-1
Added Pin To Net: NetName=EC_KEY Pin=D1-2
Added Pin To Net: NetName=EC_KEY_DET Pin=D2-1
Added Pin To Net: NetName=EC_KEY Pin=D2-2
Added Pin To Net: NetName=GPIO21 Pin=D3-1
Added Pin To Net: NetName=NetD3_2 Pin=D3-2
Added Pin To Net: NetName=VUSB Pin=D4-1
Added Pin To Net: NetName=NetD4_2 Pin=D4-2
Added Pin To Net: NetName=NetD5_1 Pin=D5-1
Added Pin To Net: NetName=GND Pin=D5-2
Added Pin To Net: NetName=GND Pin=LC1-1
Added Pin To Net: NetName=VCC_3V3 Pin=LC1-2
Added Pin To Net: NetName=GPIO23 Pin=LC1-3
Added Pin To Net: NetName=GPIO18 Pin=LC1-4
Added Pin To Net: NetName=GND Pin=LC1-5
Added Pin To Net: NetName=CPT_RST Pin=LC1-6
Added Pin To Net: NetName=VCC_3V3 Pin=LC1-7
Added Pin To Net: NetName=LCD_LEDK Pin=LC1-8
Added Pin To Net: NetName=GPIO2 Pin=LC1-10
Added Pin To Net: NetName=NetD1_1 Pin=Q1-1
Added Pin To Net: NetName=VBAT_IN Pin=Q1-2
Added Pin To Net: NetName=VBAT Pin=Q1-3
Added Pin To Net: NetName=NetD3_2 Pin=Q2-1
Added Pin To Net: NetName=GND Pin=Q2-2
Added Pin To Net: NetName=NetD1_1 Pin=Q2-3
Added Pin To Net: NetName=RTS Pin=Q3-1
Added Pin To Net: NetName=NetQ3_2 Pin=Q3-2
Added Pin To Net: NetName=BOOT Pin=Q3-3
Added Pin To Net: NetName=DTR Pin=Q3-4
Added Pin To Net: NetName=NetQ3_5 Pin=Q3-5
Added Pin To Net: NetName=ESP_EN Pin=Q3-6
Added Pin To Net: NetName=GPIO12 Pin=Q4-1
Added Pin To Net: NetName=GND Pin=Q4-2
Added Pin To Net: NetName=NetQ4_3 Pin=Q4-3
Added Pin To Net: NetName=BUZZ Pin=Q5-1
Added Pin To Net: NetName=GND Pin=Q5-2
Added Pin To Net: NetName=NetQ5_3 Pin=Q5-3
Added Pin To Net: NetName=VUSB Pin=R1-1
Added Pin To Net: NetName=NetR1_2 Pin=R1-2
Added Pin To Net: NetName=BAT_DET Pin=R2-1
Added Pin To Net: NetName=VBAT Pin=R2-2
Added Pin To Net: NetName=VBAT_IN Pin=R3-1
Added Pin To Net: NetName=NetD1_1 Pin=R3-2
Added Pin To Net: NetName=GND Pin=R4-1
Added Pin To Net: NetName=BAT_DET Pin=R4-2
Added Pin To Net: NetName=VCC_3V3 Pin=R5-1
Added Pin To Net: NetName=3V3A Pin=R5-2
Added Pin To Net: NetName=CP_Tx Pin=R6-1
Added Pin To Net: NetName=NetR6_2 Pin=R6-2
Added Pin To Net: NetName=GND Pin=R7-1
Added Pin To Net: NetName=NetD3_2 Pin=R7-2
Added Pin To Net: NetName=NetR8_1 Pin=R8-1
Added Pin To Net: NetName=GND Pin=R8-2
Added Pin To Net: NetName=DTR Pin=R9-1
Added Pin To Net: NetName=NetQ3_2 Pin=R9-2
Added Pin To Net: NetName=NetD4_2 Pin=R10-1
Added Pin To Net: NetName=CHG_DET Pin=R10-2
Added Pin To Net: NetName=CHG_DET Pin=R11-1
Added Pin To Net: NetName=VCC_3V3 Pin=R11-2
Added Pin To Net: NetName=RTS Pin=R12-1
Added Pin To Net: NetName=NetQ3_5 Pin=R12-2
Added Pin To Net: NetName=3V3A Pin=R13-1
Added Pin To Net: NetName=ESP_EN Pin=R13-2
Added Pin To Net: NetName=GND Pin=R14-1
Added Pin To Net: NetName=NetR14_2 Pin=R14-2
Added Pin To Net: NetName=NetQ4_3 Pin=R15-1
Added Pin To Net: NetName=LCD_LEDK Pin=R15-2
Added Pin To Net: NetName=NetR16_1 Pin=R16-1
Added Pin To Net: NetName=GND Pin=R16-2
Added Pin To Net: NetName=GND Pin=R17-1
Added Pin To Net: NetName=GPIO12 Pin=R17-2
Added Pin To Net: NetName=VCC_3V3 Pin=R18-1
Added Pin To Net: NetName=EC_KEY_DET Pin=R18-2
Added Pin To Net: NetName=EC_A Pin=R19-1
Added Pin To Net: NetName=VCC_3V3 Pin=R19-2
Added Pin To Net: NetName=EC_B Pin=R20-1
Added Pin To Net: NetName=VCC_3V3 Pin=R20-2
Added Pin To Net: NetName=VCC_3V3 Pin=R21-1
Added Pin To Net: NetName=GPIO26 Pin=R21-2
Added Pin To Net: NetName=VCC_3V3 Pin=R22-1
Added Pin To Net: NetName=GPIO13 Pin=R22-2
Added Pin To Net: NetName=VCC_3V3 Pin=R23-1
Added Pin To Net: NetName=GPIO14 Pin=R23-2
Added Pin To Net: NetName=GND Pin=R24-1
Added Pin To Net: NetName=BUZZ Pin=R24-2
Added Pin To Net: NetName=VCC_3V3 Pin=R25-1
Added Pin To Net: NetName=GPIO15 Pin=R25-2
Added Pin To Net: NetName=VCC_3V3 Pin=R26-1
Added Pin To Net: NetName=GPIO22 Pin=R26-2
Added Pin To Net: NetName=NetD5_1 Pin=R27-1
Added Pin To Net: NetName=GPIO9 Pin=R27-2
Added Pin To Net: NetName=EC_A Pin=SW1-1
Added Pin To Net: NetName=EC_KEY Pin=SW1-2
Added Pin To Net: NetName=GND Pin=SW1-3
Added Pin To Net: NetName=EC_B Pin=SW1-4
Added Pin To Net: NetName=GND Pin=SW1-5
Added Pin To Net: NetName=GND Pin=SW1-5
Added Pin To Net: NetName=GND Pin=SW1-5
Added Pin To Net: NetName=GND Pin=SW1-5
Added Pin To Net: NetName=GND Pin=SW1-5
Added Pin To Net: NetName=GND Pin=SW1-5
Added Pin To Net: NetName=GPIO15 Pin=TF1-2
Added Pin To Net: NetName=GPIO13 Pin=TF1-3
Added Pin To Net: NetName=VCC_3V3 Pin=TF1-4
Added Pin To Net: NetName=GPIO14 Pin=TF1-5
Added Pin To Net: NetName=GND Pin=TF1-6
Added Pin To Net: NetName=GPIO26 Pin=TF1-7
Added Pin To Net: NetName=GPIO22 Pin=TF1-9
Added Pin To Net: NetName=GND Pin=TF1-10
Added Pin To Net: NetName=GND Pin=TF1-10
Added Pin To Net: NetName=GND Pin=TF1-10
Added Pin To Net: NetName=GND Pin=TF1-10
Added Pin To Net: NetName=VBAT Pin=U1-1
Added Pin To Net: NetName=GND Pin=U1-2
Added Pin To Net: NetName=VBAT Pin=U1-3
Added Pin To Net: NetName=NetC3_2 Pin=U1-4
Added Pin To Net: NetName=VCC_3V3 Pin=U1-5
Added Pin To Net: NetName=GND Pin=U2-3
Added Pin To Net: NetName=USB-PWR-DP Pin=U2-4
Added Pin To Net: NetName=USB-PWR-DM Pin=U2-5
Added Pin To Net: NetName=VUSB Pin=U2-7
Added Pin To Net: NetName=VUSB Pin=U2-8
Added Pin To Net: NetName=NetR1_2 Pin=U2-9
Added Pin To Net: NetName=RTS Pin=U2-24
Added Pin To Net: NetName=CP_Rx Pin=U2-25
Added Pin To Net: NetName=NetR6_2 Pin=U2-26
Added Pin To Net: NetName=DTR Pin=U2-28
Added Pin To Net: NetName=GND Pin=U2-29
Added Pin To Net: NetName=CHG_DET Pin=U3-1
Added Pin To Net: NetName=GND Pin=U3-2
Added Pin To Net: NetName=VBAT_IN Pin=U3-3
Added Pin To Net: NetName=VUSB Pin=U3-4
Added Pin To Net: NetName=NetR8_1 Pin=U3-5
Added Pin To Net: NetName=3V3A Pin=U4-1
Added Pin To Net: NetName=NetA1_1 Pin=U4-2
Added Pin To Net: NetName=3V3A Pin=U4-3
Added Pin To Net: NetName=3V3A Pin=U4-4
Added Pin To Net: NetName=GPS_TX Pin=U4-5
Added Pin To Net: NetName=BAT_DET Pin=U4-6
Added Pin To Net: NetName=CHG_DET Pin=U4-7
Added Pin To Net: NetName=CPT_EINT Pin=U4-8
Added Pin To Net: NetName=ESP_EN Pin=U4-9
Added Pin To Net: NetName=EC_A Pin=U4-10
Added Pin To Net: NetName=EC_B Pin=U4-11
Added Pin To Net: NetName=CPT_SDA Pin=U4-12
Added Pin To Net: NetName=CPT_SCL Pin=U4-13
Added Pin To Net: NetName=BUZZ Pin=U4-14
Added Pin To Net: NetName=GPIO26 Pin=U4-15
Added Pin To Net: NetName=EC_KEY_DET Pin=U4-16
Added Pin To Net: NetName=GPIO14 Pin=U4-17
Added Pin To Net: NetName=GPIO12 Pin=U4-18
Added Pin To Net: NetName=3V3A Pin=U4-19
Added Pin To Net: NetName=GPIO13 Pin=U4-20
Added Pin To Net: NetName=GPIO15 Pin=U4-21
Added Pin To Net: NetName=GPIO2 Pin=U4-22
Added Pin To Net: NetName=BOOT Pin=U4-23
Added Pin To Net: NetName=CPT_RST Pin=U4-24
Added Pin To Net: NetName=GPIO9 Pin=U4-28
Added Pin To Net: NetName=GPIO18 Pin=U4-35
Added Pin To Net: NetName=GPIO23 Pin=U4-36
Added Pin To Net: NetName=3V3A Pin=U4-37
Added Pin To Net: NetName=GPIO19 Pin=U4-38
Added Pin To Net: NetName=GPIO22 Pin=U4-39
Added Pin To Net: NetName=CP_Tx Pin=U4-40
Added Pin To Net: NetName=CP_Rx Pin=U4-41
Added Pin To Net: NetName=GPIO21 Pin=U4-42
Added Pin To Net: NetName=3V3A Pin=U4-43
Added Pin To Net: NetName=3V3A Pin=U4-46
Added Pin To Net: NetName=GND Pin=U4-49
Added Pin To Net: NetName=GND Pin=U5-1
Added Pin To Net: NetName=VCC_3V3 Pin=U5-8
Added Pin To Net: NetName=GND Pin=U5-9
Added Pin To Net: NetName=NetC14_1 Pin=U5-10
Added Pin To Net: NetName=GND Pin=U5-11
Added Pin To Net: NetName=VCC_3V3 Pin=U5-13
Added Pin To Net: NetName=GND Pin=U5-18
Added Pin To Net: NetName=NetC15_2 Pin=U5-20
Added Pin To Net: NetName=CPT_SCL Pin=U5-23
Added Pin To Net: NetName=CPT_SDA Pin=U5-24
Added Pin To Net: NetName=VBAT Pin=U6-1
Added Pin To Net: NetName=NetQ5_3 Pin=U6-2
Added Pin To Net: NetName=GND Pin=USB1-1
Added Pin To Net: NetName=GND Pin=USB1-2
Added Pin To Net: NetName=GND Pin=USB1-3
Added Pin To Net: NetName=GND Pin=USB1-4
Added Pin To Net: NetName=GND Pin=USB1-A1
Added Pin To Net: NetName=VUSB Pin=USB1-A4
Added Pin To Net: NetName=NetR16_1 Pin=USB1-A5
Added Pin To Net: NetName=USB-PWR-DP Pin=USB1-A6
Added Pin To Net: NetName=USB-PWR-DM Pin=USB1-A7
Added Pin To Net: NetName=VUSB Pin=USB1-A9
Added Pin To Net: NetName=GND Pin=USB1-A12
Added Pin To Net: NetName=GND Pin=USB1-B1
Added Pin To Net: NetName=VUSB Pin=USB1-B4
Added Pin To Net: NetName=NetR14_2 Pin=USB1-B5
Added Pin To Net: NetName=USB-PWR-DP Pin=USB1-B6
Added Pin To Net: NetName=USB-PWR-DM Pin=USB1-B7
Added Pin To Net: NetName=VUSB Pin=USB1-B9
Added Pin To Net: NetName=GND Pin=USB1-B12
Added Member To Class: ClassName=Main Member=Component A1 RAINSUN
Added Member To Class: ClassName=Main Member=Component AT1 ATGM336H Module
Added Member To Class: ClassName=Main Member=Component C1 0.1uF
Added Member To Class: ClassName=Main Member=Component C2 10uF
Added Member To Class: ClassName=Main Member=Component C3 10nF
Added Member To Class: ClassName=Main Member=Component C4 0.1uF
Added Member To Class: ClassName=Main Member=Component C5 10uF
Added Member To Class: ClassName=Main Member=Component C6 0.1uF
Added Member To Class: ClassName=Main Member=Component C7 10uF
Added Member To Class: ClassName=Main Member=Component C8 0.1uF
Added Member To Class: ClassName=Main Member=Component C9 10uF
Added Member To Class: ClassName=Main Member=Component C10 1uF
Added Member To Class: ClassName=Main Member=Component C11 0.1uF
Added Member To Class: ClassName=Main Member=Component C12 10nF
Added Member To Class: ClassName=Main Member=Component C13 0.1uF
Added Member To Class: ClassName=Main Member=Component C14 0.1uF
Added Member To Class: ClassName=Main Member=Component C15 2.2nF
Added Member To Class: ClassName=Main Member=Component C16 0.1uF
Added Member To Class: ClassName=Main Member=Component D1 二极管-5819W
Added Member To Class: ClassName=Main Member=Component D2 二极管-5819W
Added Member To Class: ClassName=Main Member=Component D3 二极管-5819W
Added Member To Class: ClassName=Main Member=Component D4 color?
Added Member To Class: ClassName=Main Member=Component D5 color?
Added Member To Class: ClassName=Main Member=Component LC1 LCD
Added Member To Class: ClassName=Main Member=Component Q1 AO3401A
Added Member To Class: ClassName=Main Member=Component Q2 AO3400A
Added Member To Class: ClassName=Main Member=Component Q3 BC847BVC-7
Added Member To Class: ClassName=Main Member=Component Q4 AO3400A
Added Member To Class: ClassName=Main Member=Component Q5 AO3400A
Added Member To Class: ClassName=Main Member=Component R1 10K
Added Member To Class: ClassName=Main Member=Component R2 100K
Added Member To Class: ClassName=Main Member=Component R3 20K
Added Member To Class: ClassName=Main Member=Component R4 100K
Added Member To Class: ClassName=Main Member=Component R5 0R
Added Member To Class: ClassName=Main Member=Component R6 200R
Added Member To Class: ClassName=Main Member=Component R7 20K
Added Member To Class: ClassName=Main Member=Component R8 2K
Added Member To Class: ClassName=Main Member=Component R9 12K
Added Member To Class: ClassName=Main Member=Component R10 1K
Added Member To Class: ClassName=Main Member=Component R11 10K
Added Member To Class: ClassName=Main Member=Component R12 12K
Added Member To Class: ClassName=Main Member=Component R13 10K
Added Member To Class: ClassName=Main Member=Component R14 5.1K
Added Member To Class: ClassName=Main Member=Component R15 10R
Added Member To Class: ClassName=Main Member=Component R16 5.1K
Added Member To Class: ClassName=Main Member=Component R17 10K
Added Member To Class: ClassName=Main Member=Component R18 10K
Added Member To Class: ClassName=Main Member=Component R19 10K
Added Member To Class: ClassName=Main Member=Component R20 10K
Added Member To Class: ClassName=Main Member=Component R21 10K
Added Member To Class: ClassName=Main Member=Component R22 10K
Added Member To Class: ClassName=Main Member=Component R23 10K
Added Member To Class: ClassName=Main Member=Component R24 10K
Added Member To Class: ClassName=Main Member=Component R25 10K
Added Member To Class: ClassName=Main Member=Component R26 10K
Added Member To Class: ClassName=Main Member=Component R27 10K
Added Member To Class: ClassName=Main Member=Component SW1 Rotary Encoder
Added Member To Class: ClassName=Main Member=Component TF1 TF
Added Member To Class: ClassName=Main Member=Component U1 LP2992 3V3
Added Member To Class: ClassName=Main Member=Component U2 CP2102
Added Member To Class: ClassName=Main Member=Component U3 MCP73831T
Added Member To Class: ClassName=Main Member=Component U4 ESP32_SIP
Added Member To Class: ClassName=Main Member=Component U5 MPU6050
Added Member To Class: ClassName=Main Member=Component U6 DET402
Added Member To Class: ClassName=Main Member=Component USB1 Type-C
Added Room: Name=Main
