Added Component: Designator=AT1(PCBComponent_1)
Add component. Clean all parameters for all variants
Added Component: Designator=U1(SOT23-5)
Add component. Clean all parameters for all variants
Added Component: Designator=U2(QFN-28)
Add component. Clean all parameters for all variants
Add component (AddParameter): Name = "MFG #1"; Value = "SILICON LABS"; VariantName = "[No Variations]"
Add component (AddParameter): Name = "PART DESC"; Value = "SINGLE-CHIP USB TO UART BRIDGE, QFN28, RoHS."; VariantName = "[No Variations]"
Add component (AddParameter): Name = "PART NUMBER"; Value = "CP2102"; VariantName = "[No Variations]"
Add component (AddParameter): Name = "RefDes"; Value = "RefDes"; VariantName = "[No Variations]"
Add component (AddParameter): Name = "Type"; Value = "DEV"; VariantName = "[No Variations]"
Add component (AddParameter): Name = "Value"; Value = "Value"; VariantName = "[No Variations]"
Added Component: Designator=U4(QFN-48_7X7)
Add component. Clean all parameters for all variants
Added Component: Designator=U5(QFN-24)
Add component. Clean all parameters for all variants
Added Pin To Net: NetName=3V3A Pin=U4-1
Added Pin To Net: NetName=3V3A Pin=U4-3
Added Pin To Net: NetName=3V3A Pin=U4-4
Added Pin To Net: NetName=3V3A Pin=U4-19
Added Pin To Net: NetName=3V3A Pin=U4-37
Added Pin To Net: NetName=3V3A Pin=U4-43
Added Pin To Net: NetName=3V3A Pin=U4-46
Added Net: Name=3V3A
Added Pin To Net: NetName=BAT_DET Pin=U4-6
Added Net: Name=BAT_DET
Added Pin To Net: NetName=BOOT Pin=U4-23
Added Net: Name=BOOT
Added Pin To Net: NetName=BUZZ Pin=U4-14
Added Net: Name=BUZZ
Added Pin To Net: NetName=CHG_DET Pin=U4-7
Added Net: Name=CHG_DET
Added Pin To Net: NetName=CP_Rx Pin=U2-25
Added Pin To Net: NetName=CP_Rx Pin=U4-41
Added Net: Name=CP_Rx
Added Pin To Net: NetName=CP_Tx Pin=U4-40
Added Net: Name=CP_Tx
Added Pin To Net: NetName=CPT_EINT Pin=U4-8
Added Net: Name=CPT_EINT
Added Pin To Net: NetName=CPT_RST Pin=U4-24
Added Net: Name=CPT_RST
Added Pin To Net: NetName=CPT_SCL Pin=U4-13
Added Pin To Net: NetName=CPT_SCL Pin=U5-23
Added Net: Name=CPT_SCL
Added Pin To Net: NetName=CPT_SDA Pin=U4-12
Added Pin To Net: NetName=CPT_SDA Pin=U5-24
Added Net: Name=CPT_SDA
Added Pin To Net: NetName=DTR Pin=U2-28
Added Net: Name=DTR
Added Pin To Net: NetName=EC_A Pin=U4-10
Added Net: Name=EC_A
Added Pin To Net: NetName=EC_B Pin=U4-11
Added Net: Name=EC_B
Added Pin To Net: NetName=EC_KEY_DET Pin=U4-16
Added Net: Name=EC_KEY_DET
Added Net: Name=EC_KEY
Added Pin To Net: NetName=ESP_EN Pin=U4-9
Added Net: Name=ESP_EN
Added Pin To Net: NetName=GND Pin=AT1-2
Added Pin To Net: NetName=GND Pin=U1-2
Added Pin To Net: NetName=GND Pin=U2-3
Added Pin To Net: NetName=GND Pin=U2-29
Added Pin To Net: NetName=GND Pin=U4-49
Added Pin To Net: NetName=GND Pin=U5-1
Added Pin To Net: NetName=GND Pin=U5-9
Added Pin To Net: NetName=GND Pin=U5-11
Added Pin To Net: NetName=GND Pin=U5-18
Added Net: Name=GND
Added Pin To Net: NetName=GPIO2 Pin=U4-22
Added Net: Name=GPIO2
Added Pin To Net: NetName=GPIO9 Pin=U4-28
Added Net: Name=GPIO9
Added Pin To Net: NetName=GPIO12 Pin=U4-18
Added Net: Name=GPIO12
Added Pin To Net: NetName=GPIO13 Pin=U4-20
Added Net: Name=GPIO13
Added Pin To Net: NetName=GPIO14 Pin=U4-17
Added Net: Name=GPIO14
Added Pin To Net: NetName=GPIO15 Pin=U4-21
Added Net: Name=GPIO15
Added Pin To Net: NetName=GPIO18 Pin=U4-35
Added Net: Name=GPIO18
Added Pin To Net: NetName=GPIO19 Pin=AT1-4
Added Pin To Net: NetName=GPIO19 Pin=U4-38
Added Net: Name=GPIO19
Added Pin To Net: NetName=GPIO21 Pin=U4-42
Added Net: Name=GPIO21
Added Pin To Net: NetName=GPIO22 Pin=U4-39
Added Net: Name=GPIO22
Added Pin To Net: NetName=GPIO23 Pin=U4-36
Added Net: Name=GPIO23
Added Pin To Net: NetName=GPIO26 Pin=U4-15
Added Net: Name=GPIO26
Added Pin To Net: NetName=GPS_TX Pin=AT1-3
Added Pin To Net: NetName=GPS_TX Pin=U4-5
Added Net: Name=GPS_TX
Added Net: Name=LCD_LEDK
Added Pin To Net: NetName=NetA1_1 Pin=U4-2
Added Net: Name=NetA1_1
Added Pin To Net: NetName=NetC3_2 Pin=U1-4
Added Net: Name=NetC3_2
Added Pin To Net: NetName=NetC14_1 Pin=U5-10
Added Net: Name=NetC14_1
Added Pin To Net: NetName=NetC15_2 Pin=U5-20
Added Net: Name=NetC15_2
Added Net: Name=NetD1_1
Added Net: Name=NetD3_2
Added Net: Name=NetD4_2
Added Net: Name=NetD5_1
Added Net: Name=NetQ3_2
Added Net: Name=NetQ3_5
Added Net: Name=NetQ4_3
Added Net: Name=NetQ5_3
Added Pin To Net: NetName=NetR1_2 Pin=U2-9
Added Net: Name=NetR1_2
Added Pin To Net: NetName=NetR6_2 Pin=U2-26
Added Net: Name=NetR6_2
Added Net: Name=NetR8_1
Added Net: Name=NetR14_2
Added Net: Name=NetR16_1
Added Pin To Net: NetName=RTS Pin=U2-24
Added Net: Name=RTS
Added Pin To Net: NetName=USB-PWR-DM Pin=U2-5
Added Net: Name=USB-PWR-DM
Added Pin To Net: NetName=USB-PWR-DP Pin=U2-4
Added Net: Name=USB-PWR-DP
Added Net: Name=VBAT_IN
Added Pin To Net: NetName=VBAT Pin=U1-1
Added Pin To Net: NetName=VBAT Pin=U1-3
Added Net: Name=VBAT
Added Pin To Net: NetName=VCC_3V3 Pin=AT1-1
Added Pin To Net: NetName=VCC_3V3 Pin=U1-5
Added Pin To Net: NetName=VCC_3V3 Pin=U5-8
Added Pin To Net: NetName=VCC_3V3 Pin=U5-13
Added Net: Name=VCC_3V3
Added Pin To Net: NetName=VUSB Pin=U2-7
Added Pin To Net: NetName=VUSB Pin=U2-8
Added Net: Name=VUSB
Added Class: Name=Main
Added Room: Name=Main
